<?xml version="1.0" encoding="UTF-8"?>
<testng-results ignored="0" total="4" passed="3" failed="1" skipped="0">
  <reporter-output>
  </reporter-output>
  <suite started-at="2021-05-23T12:26:44 EDT" name="Parallel Tests" finished-at="2021-05-23T12:26:51 EDT" duration-ms="7315">
    <groups>
      <group name="sprint1">
        <method signature="ParallelTest.validationOfTitle()[pri:0, instance:com.testng.basics.class4.ParallelTest@6ec8211c]" name="validationOfTitle" class="com.testng.basics.class4.ParallelTest"/>
      </group> <!-- sprint1 -->
      <group name="sprint2">
        <method signature="ParallelTest.validLogin()[pri:0, instance:com.testng.basics.class4.ParallelTest@6ec8211c]" name="validLogin" class="com.testng.basics.class4.ParallelTest"/>
      </group> <!-- sprint2 -->
    </groups>
    <test started-at="2021-05-23T12:26:44 EDT" name="Parallel Test" finished-at="2021-05-23T12:26:51 EDT" duration-ms="6982">
      <class name="com.testng.basics.class4.ParallelTest">
        <test-method is-config="true" signature="openBrowserAndLaunchApp()[pri:0, instance:com.testng.basics.class4.ParallelTest@6ec8211c]" started-at="2021-05-23T12:26:44 EDT" name="openBrowserAndLaunchApp" finished-at="2021-05-23T12:26:50 EDT" duration-ms="6814" status="PASS">
          <reporter-output>
          </reporter-output>
        </test-method> <!-- openBrowserAndLaunchApp -->
        <test-method is-config="true" signature="openBrowserAndLaunchApp()[pri:0, instance:com.testng.basics.class4.ParallelTest@6ec8211c]" started-at="2021-05-23T12:26:44 EDT" name="openBrowserAndLaunchApp" finished-at="2021-05-23T12:26:50 EDT" duration-ms="6792" status="PASS">
          <reporter-output>
          </reporter-output>
        </test-method> <!-- openBrowserAndLaunchApp -->
        <test-method signature="validLogin()[pri:0, instance:com.testng.basics.class4.ParallelTest@6ec8211c]" started-at="2021-05-23T12:26:50 EDT" name="validLogin" finished-at="2021-05-23T12:26:51 EDT" duration-ms="145" status="FAIL">
          <exception class="org.openqa.selenium.NoSuchSessionException">
            <message>
              <![CDATA[invalid session id
Build info: version: '3.141.59', revision: 'e82be7d358', time: '2018-11-14T08:25:48'
System info: host: 'Amys-MacBook-Pro.local', ip: 'fe80:0:0:0:881:3758:3f09:500e%en0', os.name: 'Mac OS X', os.arch: 'x86_64', os.version: '11.2.3', java.version: '15.0.2'
Driver info: org.openqa.selenium.chrome.ChromeDriver
Capabilities {acceptInsecureCerts: false, browserName: chrome, browserVersion: 90.0.4430.212, chrome: {chromedriverVersion: 89.0.4389.23 (61b08ee2c5002..., userDataDir: /var/folders/vt/9mpmjvpx14l...}, goog:chromeOptions: {debuggerAddress: localhost:54790}, javascriptEnabled: true, networkConnectionEnabled: false, pageLoadStrategy: normal, platform: MAC, platformName: MAC, proxy: Proxy(), setWindowRect: true, strictFileInteractability: false, timeouts: {implicit: 0, pageLoad: 300000, script: 30000}, unhandledPromptBehavior: dismiss and notify, webauthn:extension:largeBlob: true, webauthn:virtualAuthenticators: true}]]>
            </message>
            <full-stacktrace>
              <![CDATA[org.openqa.selenium.NoSuchSessionException: invalid session id
Build info: version: '3.141.59', revision: 'e82be7d358', time: '2018-11-14T08:25:48'
System info: host: 'Amys-MacBook-Pro.local', ip: 'fe80:0:0:0:881:3758:3f09:500e%en0', os.name: 'Mac OS X', os.arch: 'x86_64', os.version: '11.2.3', java.version: '15.0.2'
Driver info: org.openqa.selenium.chrome.ChromeDriver
Capabilities {acceptInsecureCerts: false, browserName: chrome, browserVersion: 90.0.4430.212, chrome: {chromedriverVersion: 89.0.4389.23 (61b08ee2c5002..., userDataDir: /var/folders/vt/9mpmjvpx14l...}, goog:chromeOptions: {debuggerAddress: localhost:54790}, javascriptEnabled: true, networkConnectionEnabled: false, pageLoadStrategy: normal, platform: MAC, platformName: MAC, proxy: Proxy(), setWindowRect: true, strictFileInteractability: false, timeouts: {implicit: 0, pageLoad: 300000, script: 30000}, unhandledPromptBehavior: dismiss and notify, webauthn:extension:largeBlob: true, webauthn:virtualAuthenticators: true}
at java.base/jdk.internal.reflect.NativeConstructorAccessorImpl.newInstance0(Native Method)
at java.base/jdk.internal.reflect.NativeConstructorAccessorImpl.newInstance(NativeConstructorAccessorImpl.java:64)
at java.base/jdk.internal.reflect.DelegatingConstructorAccessorImpl.newInstance(DelegatingConstructorAccessorImpl.java:45)
at java.base/java.lang.reflect.Constructor.newInstanceWithCaller(Constructor.java:500)
at java.base/java.lang.reflect.Constructor.newInstance(Constructor.java:481)
at org.openqa.selenium.remote.http.W3CHttpResponseCodec.createException(W3CHttpResponseCodec.java:187)
at org.openqa.selenium.remote.http.W3CHttpResponseCodec.decode(W3CHttpResponseCodec.java:122)
at org.openqa.selenium.remote.http.W3CHttpResponseCodec.decode(W3CHttpResponseCodec.java:49)
at org.openqa.selenium.remote.HttpCommandExecutor.execute(HttpCommandExecutor.java:158)
at org.openqa.selenium.remote.service.DriverCommandExecutor.execute(DriverCommandExecutor.java:83)
at org.openqa.selenium.remote.RemoteWebDriver.execute(RemoteWebDriver.java:552)
at org.openqa.selenium.remote.RemoteWebElement.execute(RemoteWebElement.java:285)
at org.openqa.selenium.remote.RemoteWebElement.sendKeys(RemoteWebElement.java:106)
at com.testng.basics.class4.ParallelTest.validLogin(ParallelTest.java:29)
at java.base/jdk.internal.reflect.NativeMethodAccessorImpl.invoke0(Native Method)
at java.base/jdk.internal.reflect.NativeMethodAccessorImpl.invoke(NativeMethodAccessorImpl.java:64)
at java.base/jdk.internal.reflect.DelegatingMethodAccessorImpl.invoke(DelegatingMethodAccessorImpl.java:43)
at java.base/java.lang.reflect.Method.invoke(Method.java:564)
at org.testng.internal.MethodInvocationHelper.invokeMethod(MethodInvocationHelper.java:133)
at org.testng.internal.TestInvoker.invokeMethod(TestInvoker.java:598)
at org.testng.internal.TestInvoker.invokeTestMethod(TestInvoker.java:173)
at org.testng.internal.MethodRunner.runInSequence(MethodRunner.java:46)
at org.testng.internal.TestInvoker$MethodInvocationAgent.invoke(TestInvoker.java:824)
at org.testng.internal.TestInvoker.invokeTestMethods(TestInvoker.java:146)
at org.testng.internal.TestMethodWorker.invokeTestMethods(TestMethodWorker.java:146)
at org.testng.internal.TestMethodWorker.run(TestMethodWorker.java:128)
at java.base/java.util.concurrent.ThreadPoolExecutor.runWorker(ThreadPoolExecutor.java:1130)
at java.base/java.util.concurrent.ThreadPoolExecutor$Worker.run(ThreadPoolExecutor.java:630)
at java.base/java.lang.Thread.run(Thread.java:832)
]]>
            </full-stacktrace>
          </exception> <!-- org.openqa.selenium.NoSuchSessionException -->
          <reporter-output>
          </reporter-output>
        </test-method> <!-- validLogin -->
        <test-method signature="validationOfTitle()[pri:0, instance:com.testng.basics.class4.ParallelTest@6ec8211c]" started-at="2021-05-23T12:26:50 EDT" name="validationOfTitle" finished-at="2021-05-23T12:26:50 EDT" duration-ms="22" status="PASS">
          <reporter-output>
          </reporter-output>
        </test-method> <!-- validationOfTitle -->
        <test-method is-config="true" signature="tearDown()[pri:0, instance:com.testng.basics.class4.ParallelTest@6ec8211c]" started-at="2021-05-23T12:26:50 EDT" name="tearDown" finished-at="2021-05-23T12:26:51 EDT" duration-ms="91" status="PASS">
          <reporter-output>
          </reporter-output>
        </test-method> <!-- tearDown -->
        <test-method is-config="true" signature="tearDown()[pri:0, instance:com.testng.basics.class4.ParallelTest@6ec8211c]" started-at="2021-05-23T12:26:51 EDT" name="tearDown" finished-at="2021-05-23T12:26:51 EDT" duration-ms="0" status="PASS">
          <reporter-output>
          </reporter-output>
        </test-method> <!-- tearDown -->
      </class> <!-- com.testng.basics.class4.ParallelTest -->
    </test> <!-- Parallel Test -->
    <test started-at="2021-05-23T12:26:51 EDT" name="Parallel Test 2" finished-at="2021-05-23T12:26:51 EDT" duration-ms="11">
      <class name="com.testng.basics.class1.Task1">
        <test-method is-config="true" signature="beforeTest()[pri:0, instance:com.testng.basics.class1.Task1@2bea5ab4]" started-at="2021-05-23T12:26:51 EDT" name="beforeTest" finished-at="2021-05-23T12:26:51 EDT" duration-ms="1" status="PASS">
          <reporter-output>
          </reporter-output>
        </test-method> <!-- beforeTest -->
        <test-method is-config="true" signature="beforeClass()[pri:0, instance:com.testng.basics.class1.Task1@2bea5ab4]" started-at="2021-05-23T12:26:51 EDT" name="beforeClass" finished-at="2021-05-23T12:26:51 EDT" duration-ms="0" status="PASS">
          <reporter-output>
          </reporter-output>
        </test-method> <!-- beforeClass -->
        <test-method is-config="true" signature="beforeMethod()[pri:0, instance:com.testng.basics.class1.Task1@2bea5ab4]" started-at="2021-05-23T12:26:51 EDT" name="beforeMethod" finished-at="2021-05-23T12:26:51 EDT" duration-ms="1" status="PASS">
          <reporter-output>
          </reporter-output>
        </test-method> <!-- beforeMethod -->
        <test-method signature="firstMethod()[pri:0, instance:com.testng.basics.class1.Task1@2bea5ab4]" started-at="2021-05-23T12:26:51 EDT" name="firstMethod" finished-at="2021-05-23T12:26:51 EDT" duration-ms="0" status="PASS">
          <reporter-output>
          </reporter-output>
        </test-method> <!-- firstMethod -->
        <test-method signature="secondMethod()[pri:0, instance:com.testng.basics.class1.Task1@2bea5ab4]" started-at="2021-05-23T12:26:51 EDT" name="secondMethod" finished-at="2021-05-23T12:26:51 EDT" duration-ms="0" status="PASS">
          <reporter-output>
          </reporter-output>
        </test-method> <!-- secondMethod -->
        <test-method is-config="true" signature="beforeMethod()[pri:0, instance:com.testng.basics.class1.Task1@2bea5ab4]" started-at="2021-05-23T12:26:51 EDT" name="beforeMethod" finished-at="2021-05-23T12:26:51 EDT" duration-ms="0" status="PASS">
          <reporter-output>
          </reporter-output>
        </test-method> <!-- beforeMethod -->
        <test-method is-config="true" signature="afterMethod()[pri:0, instance:com.testng.basics.class1.Task1@2bea5ab4]" started-at="2021-05-23T12:26:51 EDT" name="afterMethod" finished-at="2021-05-23T12:26:51 EDT" duration-ms="1" status="PASS">
          <reporter-output>
          </reporter-output>
        </test-method> <!-- afterMethod -->
        <test-method is-config="true" signature="afterClass()[pri:0, instance:com.testng.basics.class1.Task1@2bea5ab4]" started-at="2021-05-23T12:26:51 EDT" name="afterClass" finished-at="2021-05-23T12:26:51 EDT" duration-ms="1" status="PASS">
          <reporter-output>
          </reporter-output>
        </test-method> <!-- afterClass -->
        <test-method is-config="true" signature="afterMethod()[pri:0, instance:com.testng.basics.class1.Task1@2bea5ab4]" started-at="2021-05-23T12:26:51 EDT" name="afterMethod" finished-at="2021-05-23T12:26:51 EDT" duration-ms="0" status="PASS">
          <reporter-output>
          </reporter-output>
        </test-method> <!-- afterMethod -->
        <test-method is-config="true" signature="afterTest()[pri:0, instance:com.testng.basics.class1.Task1@2bea5ab4]" started-at="2021-05-23T12:26:51 EDT" name="afterTest" finished-at="2021-05-23T12:26:51 EDT" duration-ms="3" status="PASS">
          <reporter-output>
          </reporter-output>
        </test-method> <!-- afterTest -->
      </class> <!-- com.testng.basics.class1.Task1 -->
    </test> <!-- Parallel Test 2 -->
  </suite> <!-- Parallel Tests -->
</testng-results>
