<?xml version="1.0" encoding="UTF-8"?>
<!-- Generated by org.testng.reporters.JUnitXMLReporter -->
<testsuite ignored="22" hostname="Amys-MBP" failures="0" tests="1" name="/Users/amyvelasquez/IdeaProjects/TestNG" time="8.034" errors="0" timestamp="2021-05-22T13:13:15 EDT">
  <testcase classname="com.testng.basics.class3.LoginTestt" name="validLogin" time="2.535"/>
  <testcase classname="com.testng.basics.class3.Example" name="thirdFunction" time="0.0">
    <ignored/>
  </testcase> <!-- thirdFunction -->
  <testcase classname="com.testng.basics.class3.Example" name="secondFunction" time="0.0">
    <ignored/>
  </testcase> <!-- secondFunction -->
  <testcase classname="com.testng.basics.class2.Priority" name="loginMethod" time="0.0">
    <ignored/>
  </testcase> <!-- loginMethod -->
  <testcase classname="com.testng.basics.class3.Example" name="fourthFunction" time="0.0">
    <ignored/>
  </testcase> <!-- fourthFunction -->
  <testcase classname="com.testng.basics.class2.Assertion" name="assertVerification" time="0.0">
    <ignored/>
  </testcase> <!-- assertVerification -->
  <testcase classname="com.testng.basics.class2.SoftAssertionHRMS" name="loginAndValidateTitle" time="0.0">
    <ignored/>
  </testcase> <!-- loginAndValidateTitle -->
  <testcase classname="com.testng.basics.class2.DependsOnAttribute" name="launchApplication" time="0.0">
    <ignored/>
  </testcase> <!-- launchApplication -->
  <testcase classname="com.testng.basics.class3.LoginTestt" name="validationOfTitle" time="0.0">
    <ignored/>
  </testcase> <!-- validationOfTitle -->
  <testcase classname="com.testng.basics.class2.EnableAndDisable" name="invalidLogin" time="0.0">
    <ignored/>
  </testcase> <!-- invalidLogin -->
  <testcase classname="com.testng.basics.class3.Grouping" name="thirdMethod" time="0.0">
    <ignored/>
  </testcase> <!-- thirdMethod -->
  <testcase classname="com.testng.basics.class2.DependsOnAttribute" name="enterCredentials" time="0.0">
    <ignored/>
  </testcase> <!-- enterCredentials -->
  <testcase classname="com.testng.basics.class3.Grouping" name="fourthMethod" time="0.0">
    <ignored/>
  </testcase> <!-- fourthMethod -->
  <testcase classname="com.testng.basics.class2.Priority" name="logoutMethod" time="0.0">
    <ignored/>
  </testcase> <!-- logoutMethod -->
  <testcase classname="com.testng.basics.class2.Priority" name="enterCredentialsMethod" time="0.0">
    <ignored/>
  </testcase> <!-- enterCredentialsMethod -->
  <testcase classname="com.testng.basics.class3.Grouping" name="secondMethod" time="0.0">
    <ignored/>
  </testcase> <!-- secondMethod -->
  <testcase classname="com.testng.basics.class2.BeforeAndAfterTestAndSuite" name="secondMethod" time="0.0">
    <ignored/>
  </testcase> <!-- secondMethod -->
  <testcase classname="com.testng.basics.class3.Example" name="firstFunction" time="0.0">
    <ignored/>
  </testcase> <!-- firstFunction -->
  <testcase classname="com.testng.basics.class2.Task2" name="invalidLogin" time="0.0">
    <ignored/>
  </testcase> <!-- invalidLogin -->
  <testcase classname="com.testng.basics.class2.BeforeAndAfterTestAndSuite" name="firstMethod" time="0.0">
    <ignored/>
  </testcase> <!-- firstMethod -->
  <testcase classname="com.testng.basics.class2.HardAssertion" name="validLogin" time="0.0">
    <ignored/>
  </testcase> <!-- validLogin -->
  <testcase classname="com.testng.basics.class3.Grouping" name="firstMethod" time="0.0">
    <ignored/>
  </testcase> <!-- firstMethod -->
  <testcase classname="com.testng.basics.class2.SoftAssertion" name="softAssertionValidation" time="0.0">
    <ignored/>
  </testcase> <!-- softAssertionValidation -->
</testsuite> <!-- /Users/amyvelasquez/IdeaProjects/TestNG -->
